<?xml version="1.0" encoding="UTF-8"?>
<testng-results skipped="0" failed="1" ignored="0" total="1" passed="0">
  <reporter-output>
  </reporter-output>
  <suite name="Suite" duration-ms="1635" started-at="2020-04-11T15:16:50Z" finished-at="2020-04-11T15:16:52Z">
    <groups>
    </groups>
    <test name="LoginRegistration" duration-ms="1635" started-at="2020-04-11T15:16:50Z" finished-at="2020-04-11T15:16:52Z">
      <class name="com.Wu.testCase.LoginTest">
        <test-method status="PASS" signature="setUp()[pri:0, instance:com.Wu.testCase.LoginTest@2b552920]" name="setUp" is-config="true" duration-ms="13861" started-at="2020-04-11T15:16:36Z" finished-at="2020-04-11T15:16:50Z">
          <reporter-output>
          </reporter-output>
        </test-method> <!-- setUp -->
        <test-method status="FAIL" signature="registeration()[pri:0, instance:com.Wu.testCase.LoginTest@2b552920]" name="registeration" duration-ms="1579" started-at="2020-04-11T15:16:50Z" finished-at="2020-04-11T15:16:52Z">
          <exception class="java.lang.AssertionError">
            <message>
              <![CDATA[expected [Username or Password already exists.] but found []]]>
            </message>
            <full-stacktrace>
              <![CDATA[java.lang.AssertionError: expected [Username or Password already exists.] but found []
at com.Wu.testCase.LoginTest.registeration(LoginTest.java:35)
]]>
            </full-stacktrace>
          </exception> <!-- java.lang.AssertionError -->
          <reporter-output>
          </reporter-output>
        </test-method> <!-- registeration -->
        <test-method status="PASS" signature="tearDown()[pri:0, instance:com.Wu.testCase.LoginTest@2b552920]" name="tearDown" is-config="true" duration-ms="785" started-at="2020-04-11T15:16:52Z" finished-at="2020-04-11T15:16:53Z">
          <reporter-output>
          </reporter-output>
        </test-method> <!-- tearDown -->
      </class> <!-- com.Wu.testCase.LoginTest -->
    </test> <!-- LoginRegistration -->
  </suite> <!-- Suite -->
</testng-results>
